c:\users\colli\source\repos\consoleapplication1\consoleapplication1\debug\consoleapplication1.pch
c:\users\colli\source\repos\consoleapplication1\consoleapplication1\debug\vc141.pdb
c:\users\colli\source\repos\consoleapplication1\consoleapplication1\debug\vc141.idb
c:\users\colli\source\repos\consoleapplication1\consoleapplication1\debug\pch.obj
c:\users\colli\source\repos\consoleapplication1\consoleapplication1\debug\scene.obj
c:\users\colli\source\repos\consoleapplication1\consoleapplication1\debug\world.obj
c:\users\colli\source\repos\consoleapplication1\consoleapplication1\debug\consoleapplication1.obj
c:\users\colli\source\repos\consoleapplication1\consoleapplication1\debug\player.obj
c:\users\colli\source\repos\consoleapplication1\debug\consoleapplication1.pdb
c:\users\colli\source\repos\consoleapplication1\consoleapplication1\debug\consolea.850019f2.tlog\cl.command.1.tlog
c:\users\colli\source\repos\consoleapplication1\consoleapplication1\debug\consolea.850019f2.tlog\cl.read.1.tlog
c:\users\colli\source\repos\consoleapplication1\consoleapplication1\debug\consolea.850019f2.tlog\cl.write.1.tlog
c:\users\colli\source\repos\consoleapplication1\consoleapplication1\debug\consolea.850019f2.tlog\link.1496-cvtres.read.1.tlog
c:\users\colli\source\repos\consoleapplication1\consoleapplication1\debug\consolea.850019f2.tlog\link.1496-cvtres.write.1.tlog
c:\users\colli\source\repos\consoleapplication1\consoleapplication1\debug\consolea.850019f2.tlog\link.1496-rc.read.1.tlog
c:\users\colli\source\repos\consoleapplication1\consoleapplication1\debug\consolea.850019f2.tlog\link.1496-rc.write.1.tlog
c:\users\colli\source\repos\consoleapplication1\consoleapplication1\debug\consolea.850019f2.tlog\link.1496.read.1.tlog
c:\users\colli\source\repos\consoleapplication1\consoleapplication1\debug\consolea.850019f2.tlog\link.1496.write.1.tlog
c:\users\colli\source\repos\consoleapplication1\consoleapplication1\debug\consolea.850019f2.tlog\link.command.1.tlog
c:\users\colli\source\repos\consoleapplication1\consoleapplication1\debug\consolea.850019f2.tlog\link.read.1.tlog
c:\users\colli\source\repos\consoleapplication1\consoleapplication1\debug\consolea.850019f2.tlog\link.write.1.tlog
